2014.08.11.15:29:03 TRACE @ leocarbon.cu.modules.ScrollColor: Requested scrolling of color: 
2014.08.11.15:29:03 TRACE @ leocarbon.cu.modules.ScrollColor: Done
2014.08.11.15:29:06 TRACE @ leocarbon.cu.modules.ScrollColor: Requested scrolling of color: 
2014.08.11.15:29:06 TRACE @ leocarbon.cu.modules.ScrollColor: Done
2014.08.31.09:50:56 TRACE @ leocarbon.cu.ColorUtility: rootlogger configured
2014.08.31.09:50:56 INFO  @ leocarbon.cu.ColorUtility: Operating System: Mac OS X
2014.08.31.09:50:56 INFO  @ leocarbon.cu.ColorUtility: Java vendor: Oracle Corporation
2014.08.31.09:50:56 INFO  @ leocarbon.cu.ColorUtility: Java vendor URL: [http://java.oracle.com/]
2014.08.31.09:50:56 INFO  @ leocarbon.cu.ColorUtility: Java version: 1.8.0_05
2014.08.31.09:50:56 INFO  @ leocarbon.cu.ColorUtility: Look and Feel: com.apple.laf.AquaLookAndFeel
2014.08.31.09:50:56 TRACE @ leocarbon.cu.ColorUtility: Set Look and Feel to com.apple.laf.AquaLookAndFeel
2014.08.31.09:50:56 TRACE @ leocarbon.cu.ColorUtility: Optimized GUI for Mac OS
2014.08.31.09:50:59 TRACE @ leocarbon.cu.ColorUtility: Finished creating GUI
2014.08.31.09:51:14 TRACE @ leocarbon.cu.ColorUtility: rootlogger configured
2014.08.31.09:51:14 INFO  @ leocarbon.cu.ColorUtility: Operating System: Mac OS X
2014.08.31.09:51:14 INFO  @ leocarbon.cu.ColorUtility: Java vendor: Oracle Corporation
2014.08.31.09:51:14 INFO  @ leocarbon.cu.ColorUtility: Java vendor URL: [http://java.oracle.com/]
2014.08.31.09:51:14 INFO  @ leocarbon.cu.ColorUtility: Java version: 1.8.0_05
2014.08.31.09:51:14 INFO  @ leocarbon.cu.ColorUtility: Look and Feel: com.apple.laf.AquaLookAndFeel
2014.08.31.09:51:14 TRACE @ leocarbon.cu.ColorUtility: Set Look and Feel to com.apple.laf.AquaLookAndFeel
2014.08.31.09:51:14 TRACE @ leocarbon.cu.ColorUtility: Optimized GUI for Mac OS
2014.08.31.09:51:15 TRACE @ leocarbon.cu.ColorUtility: Finished creating GUI
